D:\GnuWin32\bin\make.exe all --print-data-base --no-builtin-variables --no-builtin-rules --question
# GNU Make 3.81
# Copyright (C) 2006  Free Software Foundation, Inc.
# This is free software; see the source for copying conditions.
# There is NO warranty; not even for MERCHANTABILITY or FITNESS FOR A
# PARTICULAR PURPOSE.

# This program built for i386-pc-mingw32
 

# Make data base, printed on Thu Apr 07 10:35:37 2022

# Variables

# automatic
<D = $(patsubst %/,%,$(dir $<))
# automatic
?F = $(notdir $?)
# makefile
MAKEFLAGS = Rrqp
# environment
VSCODE_LOG_NATIVE = false
# automatic
?D = $(patsubst %/,%,$(dir $?))
# automatic
@D = $(patsubst %/,%,$(dir $@))
# environment
HOMEDRIVE = C:
# automatic
@F = $(notdir $@)
# automatic
^D = $(patsubst %/,%,$(dir $^))
# makefile
CURDIR := d:/CS253
# default
SHELL := sh.exe
# environment
WINDIR = C:\WINDOWS
# environment
VSCODE 
_NLS_CONFIG = {"locale":"en-us","availableLanguages":{},"_languagePackSupport":true}
# environment
VBOX_MSI_INSTALL_PATH = D:\Oracle\VirtualBox\
# environment
ONEDRIVE = C:\Users\RISHABH\OneDrive
# environment
PATHEXT = .COM;.EXE;.BAT;.CMD;.VBS;.VBE;.JS;.JSE;.WSF;.WSH;.MSC;.wlua;.lexe
# makefile
MAKEFILE_LIST := 
# environment
TMP = C:\Users\RISHABH\AppData\Local\Temp
# environment
VSCODE_VERBOSE_LOGGING = true
# environment
PROGRAMW6432 = C:\Program Files
# environment
PROGRAMDATA = C:\ProgramData
# environment
VSCODE_IPC_HOOK_EXTHOST = \\.\pipe\vscode-ipc-911aca04-f136-4510-b4c9-4c8d27ed32e4-sock
# environment
VSCODE_CWD = D:\Microsoft VS Code
# environment
PATH = C:\WINDOWS\system32;C:\WINDOWS;C:\WINDOWS\System32\Wbem;C:\WINDOWS\System32\WindowsPowerShell\v1.0\;C:\WINDOWS\System32\OpenSSH\;C:\TDM-GCC-64\bin;C:\Program Files (x86)\Lua\5.1;C:\Program Files (x86)\Lua\5.1\clibs;C:\Program Files\Microsoft SQL Server\120\Tools\Binn\;C:\Program Files (x86)\Dev-Cpp\MinGW64\bin;C:\cygwin64\bin;C:\Program Files (x86)\KLatexFormula-4.1.0\bin;D:\Microsoft VS Code\bin;C:\Program Files\Git\cmd;C:\Program Files (x86)\Intel\Intel(R) Management Engine Components\DAL;C:\Program Files\Intel\Intel(R) Management Engine Components\DAL;C:\Program Files\Git LFS;D:\Strawberry\c\bin;D:\Strawberry\perl\site\bin;D:\Strawberry\perl\bin;D:\Qt\6.2.4\mingw_64\lib;D:\Qt\6.2.4\mingw_64\bin;D:\mingw-w64\mingw64\bin;D:\mingw-w64\mingw64\lib;C:\Program Files\dotnet\;C:\Users\RISHABH\AppData\Local\Microsoft\WindowsApps;C:\Users\RISHABH\Desktop\bin;C:\iverilog\bin;C:\iverilog\gtkwave\bin;C:\Users\RISHABH\AppData\Local\GitHubDesktop\bin;C:\Users\RISHABH\CS771_IITK;C:\msys64\mingw64\bin;C:\Program Files\CMake\bin;D:\GnuWin32\bin;
# environment
COMMONPROGRAMW6432 = C:\Program Files\Common Files
# environment
ZES_ENABLE_SYSMAN = 1
# environment
GIT_LFS_PATH = C:\Program Files\Git LFS
# environment
PROCESSOR_ARCHITECTURE = x86
# environment
USERPROFILE = C:\Users\RISHABH
# environment
ALLUSERSPROFILE = C:\ProgramData
# environment
VSCODE_LOG_STACK = fal 
se
# environment
NUMBER_OF_PROCESSORS = 8
# environment
ELECTRON_RUN_AS_NODE = 1
# default
.FEATURES := target-specific order-only second-expansion else-if archives
# automatic
%F = $(notdir $%)
# environment
CHROME_CRASHPAD_PIPE_NAME = \\.\pipe\crashpad_13468_VJYDVHUOOEOZITBY
# environment
VSCODE_PIPE_LOGGING = true
# environment
COMPUTERNAME = R-KOTHARI
# environment
PROGRAMFILES = C:\Program Files (x86)
# environment
DRIVERDATA = C:\Windows\System32\Drivers\DriverData
# environment
ORIGINAL_XDG_CURRENT_DESKTOP = undefined
# environment
USERNAME = RISHABH
# environment
PUBLIC = C:\Users\Public
# environment
VSCODE_AMD_ENTRYPOINT = vs/workbench/api/node/extensionHostProcess
# environment
VSCODE_CODE_CACHE_PATH = C:\Users\RISHABH\AppData\Roaming\Code\CachedData\e18005f0f1b33c29e81d732535d8c0e47cafb0b5
# environment
APPLICATION_INSIGHTS_NO_DIAGNOSTIC_CHANNEL = 1
# environment
COMMONPROGRAMFILES = C:\Program Files (x86)\Common Files
# environment
LOGONSERVER = \\R-KOTHARI
# environment
ONEDRIVECONSUMER = C:\Use 
rs\RISHABH\OneDrive
# environment
VSCODE_HANDLES_UNCAUGHT_ERRORS = true
# environment
USERDOMAIN = R-KOTHARI
# environment
LUA_DEV = C:\Program Files (x86)\Lua\5.1
# environment
MAKE = D:\GnuWin32\bin\make.exe
# default
MAKECMDGOALS := all
# default
MAKE_VERSION := 3.81
# makefile
.DEFAULT_GOAL := 
# environment
PROGRAMFILES(X86) = C:\Program Files (x86)
# automatic
%D = $(patsubst %/,%,$(dir $%))
# environment
LOCALAPPDATA = C:\Users\RISHABH\AppData\Local
# environment
PSMODULEPATH = C:\Program Files\WindowsPowerShell\Modules;"C:\WINDOWS\system32\WindowsPowerShell\v1.0\Modules;C:\Program Files (x86)\Dev-Cpp\MinGW64\bin";
# default
MAKE_COMMAND := D:/GnuWin32/bin/make
# environment
PROCESSOR_ARCHITEW6432 = AMD64
# default
.VARIABLES := 
# automatic
*F = $(notdir $*)
# environment
PROCESSOR_IDENTIFIER = Intel64 Family 6 Model 142 Stepping 10, GenuineIntel
# environment
OS = Windows_NT
# environment
VSCODE_IPC_HOOK = \\.\pipe\3fce6a2c548a4e1fd035f88de8d148bd-1.66.0-main-sock
# environment
HOMEPATH = \Users\RISH 
ABH
# environment
COMMONPROGRAMFILES(X86) = C:\Program Files (x86)\Common Files
# environment
PROMPT = $P$G
# environment
MFLAGS = -Rrqp
# automatic
*D = $(patsubst %/,%,$(dir $*))
# environment
SYSTEMROOT = C:\WINDOWS
# automatic
+D = $(patsubst %/,%,$(dir $+))
# automatic
+F = $(notdir $+)
# environment
APPDATA = C:\Users\RISHABH\AppData\Roaming
# environment
TEMP = C:\Users\RISHABH\AppData\Local\Temp
# environment
COMSPEC = C:\WINDOWS\system32\cmd.exe
# default
MAKEFILES := 
# automatic
<F = $(notdir $<)
# environment
LC_ALL = C
# environment
LUA_PATH = ;;C:\Program Files (x86)\Lua\5.1\lua\?.luac
# automatic
^F = $(notdir $^)
# default
SUFFIXES := 
# environment
SYSTEMDRIVE = C:
# environment
SESSIONNAME = Console
# environment
PROCESSOR_REVISION = 8e0a
# environment
CS771 = C:\Users\RISHABH\CS771_IITK;
# environment
MAKELEVEL := 0
# environment
LANG = C
# environment
PROCESSOR_LEVEL = 6
# environment
VSCODE_PID = 13468
# environment
USERDOMAIN_ROAMINGPROFILE = R-KOTHARI
# variable set hash-table stats:
#  
Load=93/1024=9%, Rehash=0, Collisions=9/111=8%

# Pattern-specific Variable Values

# No pattern-specific variable values.

# Directories

# D:\mingw-w64\mingw64\bin (key D:/mingw-w64/mingw64/bin, mtime 1648921250): 84 files, no impossibilities.
# D:\Qt\6.2.4\mingw_64\lib (key D:/Qt/6.2.4/mingw_64/lib, mtime 1646905673): 111 files, no impossibilities.
# C:\Users\RISHABH\CS771_IITK: could not be stat'd.
# C:\Program Files (x86)\Lua\5.1: could not be stat'd.
# C:\Users\RISHABH\Desktop\bin: could not be stat'd 
.
# C:\WINDOWS\System32\WindowsPowerShell\v1.0\ (key C:/WINDOWS/System32/WindowsPowerShell/v1.0/, mtime 1615227296): 30 files, no impossibilities.
# C:\WINDOWS\System32\Wbem (key C:/WINDOWS/System32/Wbem, mtime 1647363099): 156 files, no impossibilities.
# . (key d:/CS253, mtime 1648803380): 6 files, no impossibilities.
# C:\Program Files\dotnet\ (key C:/Program Files/dotnet/, mtime 1649162875): 8 files, no impossibilities.
# C:\TDM-GCC-64\bin: could not be stat'd.
# D:\Microsoft VS Code\bin (key D:/Microso 
ft VS Code/bin, mtime 1648804013): 4 files, no impossibilities.
# D:\GnuWin32\bin (key D:/GnuWin32/bin, mtime 1647477737): 5 files, no impossibilities.
# C:\Users\RISHABH\AppData\Local\GitHubDesktop\bin (key C:/Users/RISHABH/AppData/Local/GitHubDesktop/bin, mtime 1612292574): 4 files, no impossibilities.
# C:\Users\RISHABH\AppData\Local\Microsoft\WindowsApps (key C:/Users/RISHABH/AppData/Local/Microsoft/WindowsApps, mtime 1648061419): 26 files, no impossibilities.
# C:\WINDOWS\System32\OpenSSH\: could not b 
e stat'd.
# C:\Program Files (x86)\KLatexFormula-4.1.0\bin (key C:/Program Files (x86)/KLatexFormula-4.1.0/bin, mtime 1605870373): 21 files, no impossibilities.
# D:\Strawberry\c\bin (key D:/Strawberry/c/bin, mtime 1648749186): 115 files, no impossibilities.
# C:\Program Files\Intel\Intel(R) Management Engine Components\DAL (key C:/Program Files/Intel/Intel(R) Management Engine Components/DAL, mtime 1638347071): 4 files, no impossibilities.
# C:\WINDOWS (key C:/WINDOWS, mtime 1647446209): 136 files, no impo 
ssibilities.
# D:\Strawberry\perl\bin (key D:/Strawberry/perl/bin, mtime 1648749244): 184 files, no impossibilities.
# C:\cygwin64\bin: could not be stat'd.
# D:\Strawberry\perl\site\bin (key D:/Strawberry/perl/site/bin, mtime 1648749178): 2 files, no impossibilities.
# C:\Program Files\Microsoft SQL Server\120\Tools\Binn\ (key C:/Program Files/Microsoft SQL Server/120/Tools/Binn/, mtime 1559754678): 4 files, no impossibilities.
# D:\mingw-w64\mingw64\lib (key D:/mingw-w64/mingw64/lib, mtime 1648921283): 37 
 files, no impossibilities.
# C:\msys64\mingw64\bin: could not be stat'd.
# C:\iverilog\gtkwave\bin (key C:/iverilog/gtkwave/bin, mtime 1610514464): 52 files, no impossibilities.
# C:\Program Files\Git\cmd (key C:/Program Files/Git/cmd, mtime 1612293747): 8 files, no impossibilities.
# C:\WINDOWS\system32 (key C:/WINDOWS/system32, mtime 1648310491): 3106 files, no impossibilities.
# C:\Program Files\Git LFS (key C:/Program Files/Git LFS, mtime 1647784180): 5 files, no impossibilities.
# C:\Program Files (x8 
6)\Dev-Cpp\MinGW64\bin: could not be stat'd.
# D:\Qt\6.2.4\mingw_64\bin (key D:/Qt/6.2.4/mingw_64/bin, mtime 1647874405): 109 files, no impossibilities.
# C:\Program Files\CMake\bin (key C:/Program Files/CMake/bin, mtime 1647253379): 7 files, no impossibilities.
# C:\Program Files (x86)\Lua\5.1\clibs: could not be stat'd.
# C:\iverilog\bin (key C:/iverilog/bin, mtime 1610514461): 13 files, no impossibilities.
# C:\Program Files (x86)\Intel\Intel(R) Management Engine Components\DAL (key C:/Program Files (x86 
)/Intel/Intel(R) Management Engine Components/DAL, mtime 1638347071): 7 files, no impossibilities.

# 4244 files, no impossibilities in 35 directories.

# Implicit Rules

# No implicit rules.

# Files

# Not a target:
all:
#  Command-line target.
#  Implicit rule search has been done.
#  File does not exist.
#  File has not been updated.
# variable set hash-table stats:
# Load=0/32=0%, Rehash=0, Collisions=0/0=0%

# Not a target:
.DEFAULT:
#  Implicit rule search has not been done.
#  Modification time neve 
r checked.
#  File has not been updated.

# Not a target:
makefile:
#  A default, MAKEFILES, or -include/sinclude makefile.
#  Implicit rule search has been done.
#  File does not exist.
#  File has been updated.
#  Failed to be updated.
# variable set hash-table stats:
# Load=0/32=0%, Rehash=0, Collisions=0/0=0%

# Not a target:
.SUFFIXES:
#  Implicit rule search has not been done.
#  Modification time never checked.
#  File has not been updated.

# Not a target:
GNUmakefile:
#  A default, MAKEFILES, or -i 
nclude/sinclude makefile.
#  Implicit rule search has been done.
#  File does not exist.
#  File has been updated.
#  Failed to be updated.
# variable set hash-table stats:
# Load=0/32=0%, Rehash=0, Collisions=0/0=0%

# files hash-table stats:
# Load=5/1024=0%, Rehash=0, Collisions=0/16=0%
# VPATH Search Paths

# No `vpath' search paths.

# No general (`VPATH' variable) search path.

# # of strings in strcache: 0
# # of strcache buffers: 0
# strcache size: total = 0 / max = 0 / min = 4096 / avg = 0
# strcac 
make: *** No rule to make target `all'.  Stop.

he free: total = 0 / max = 0 / min = 4096 / avg = 0

# Finished Make data base on Thu Apr 07 10:35:37 2022

 
